2025-12-13T19:38:25.540-06:00  INFO 14012 --- [todo-backend] [restartedMain] c.c.todo_backend.TodoBackendApplication  : Starting TodoBackendApplication using Java 17.0.2 with PID 14012 (D:\Documentos\repo\todo-backend\target\classes started by Poncho in D:\Documentos\repo\todo-backend)
2025-12-13T19:38:25.540-06:00  INFO 14012 --- [todo-backend] [restartedMain] c.c.todo_backend.TodoBackendApplication  : No active profile set, falling back to 1 default profile: "default"
2025-12-13T19:38:25.698-06:00  INFO 14012 --- [todo-backend] [restartedMain] .s.d.r.c.RepositoryConfigurationDelegate : Bootstrapping Spring Data JPA repositories in DEFAULT mode.
2025-12-13T19:38:25.707-06:00  INFO 14012 --- [todo-backend] [restartedMain] .s.d.r.c.RepositoryConfigurationDelegate : Finished Spring Data repository scanning in 7 ms. Found 1 JPA repository interface.
2025-12-13T19:38:25.762-06:00  INFO 14012 --- [todo-backend] [restartedMain] o.s.b.w.embedded.tomcat.TomcatWebServer  : Tomcat initialized with port 8080 (http)
2025-12-13T19:38:25.763-06:00  INFO 14012 --- [todo-backend] [restartedMain] o.apache.catalina.core.StandardService   : Starting service [Tomcat]
2025-12-13T19:38:25.764-06:00  INFO 14012 --- [todo-backend] [restartedMain] o.apache.catalina.core.StandardEngine    : Starting Servlet engine: [Apache Tomcat/10.1.49]
2025-12-13T19:38:25.777-06:00  INFO 14012 --- [todo-backend] [restartedMain] o.a.c.c.C.[Tomcat].[localhost].[/]       : Initializing Spring embedded WebApplicationContext
2025-12-13T19:38:25.777-06:00  INFO 14012 --- [todo-backend] [restartedMain] w.s.c.ServletWebServerApplicationContext : Root WebApplicationContext: initialization completed in 236 ms
2025-12-13T19:38:25.813-06:00  INFO 14012 --- [todo-backend] [restartedMain] o.hibernate.jpa.internal.util.LogHelper  : HHH000204: Processing PersistenceUnitInfo [name: default]
2025-12-13T19:38:25.814-06:00  INFO 14012 --- [todo-backend] [restartedMain] o.h.c.internal.RegionFactoryInitiator    : HHH000026: Second-level cache disabled
2025-12-13T19:38:25.818-06:00  INFO 14012 --- [todo-backend] [restartedMain] o.s.o.j.p.SpringPersistenceUnitInfo      : No LoadTimeWeaver setup: ignoring JPA class transformer
2025-12-13T19:38:25.819-06:00  INFO 14012 --- [todo-backend] [restartedMain] com.zaxxer.hikari.HikariDataSource       : HikariPool-5 - Starting...
2025-12-13T19:38:25.821-06:00  INFO 14012 --- [todo-backend] [restartedMain] com.zaxxer.hikari.pool.HikariPool        : HikariPool-5 - Added connection conn41: url=jdbc:h2:mem:testdb user=SA
2025-12-13T19:38:25.821-06:00  INFO 14012 --- [todo-backend] [restartedMain] com.zaxxer.hikari.HikariDataSource       : HikariPool-5 - Start completed.
2025-12-13T19:38:25.822-06:00  INFO 14012 --- [todo-backend] [restartedMain] org.hibernate.orm.connections.pooling    : HHH10001005: Database info:
	Database JDBC URL [Connecting through datasource 'HikariDataSource (HikariPool-5)']
	Database driver: undefined/unknown
	Database version: 2.3.232
	Autocommit mode: undefined/unknown
	Isolation level: undefined/unknown
	Minimum pool size: undefined/unknown
	Maximum pool size: undefined/unknown
2025-12-13T19:38:25.853-06:00  INFO 14012 --- [todo-backend] [restartedMain] o.h.e.t.j.p.i.JtaPlatformInitiator       : HHH000489: No JTA platform available (set 'hibernate.transaction.jta.platform' to enable JTA platform integration)
2025-12-13T19:38:25.856-06:00  INFO 14012 --- [todo-backend] [restartedMain] j.LocalContainerEntityManagerFactoryBean : Initialized JPA EntityManagerFactory for persistence unit 'default'
2025-12-13T19:38:25.893-06:00  WARN 14012 --- [todo-backend] [restartedMain] JpaBaseConfiguration$JpaWebConfiguration : spring.jpa.open-in-view is enabled by default. Therefore, database queries may be performed during view rendering. Explicitly configure spring.jpa.open-in-view to disable this warning
2025-12-13T19:38:25.960-06:00  INFO 14012 --- [todo-backend] [restartedMain] o.s.b.a.h2.H2ConsoleAutoConfiguration    : H2 console available at '/h2-console'. Database available at 'jdbc:h2:mem:testdb'
2025-12-13T19:38:25.964-06:00  INFO 14012 --- [todo-backend] [restartedMain] o.s.b.d.a.OptionalLiveReloadServer       : LiveReload server is running on port 35729
2025-12-13T19:38:25.965-06:00  INFO 14012 --- [todo-backend] [restartedMain] o.s.b.a.e.web.EndpointLinksResolver      : Exposing 1 endpoint beneath base path '/actuator'
2025-12-13T19:38:25.974-06:00  INFO 14012 --- [todo-backend] [restartedMain] o.s.b.w.embedded.tomcat.TomcatWebServer  : Tomcat started on port 8080 (http) with context path '/'
2025-12-13T19:38:25.980-06:00  INFO 14012 --- [todo-backend] [restartedMain] c.c.todo_backend.TodoBackendApplication  : Started TodoBackendApplication in 0.466 seconds (process running for 2983.216)
2025-12-13T19:38:25.985-06:00  INFO 14012 --- [todo-backend] [restartedMain] .ConditionEvaluationDeltaLoggingListener : Condition evaluation delta:


==========================
CONDITION EVALUATION DELTA
==========================


Positive matches:
-----------------

   LogFileWebEndpointAutoConfiguration#logFileWebEndpoint matched:
      - Log File found logging.file.name logs/todo-list.log (LogFileWebEndpointAutoConfiguration.LogFileCondition)
      - @ConditionalOnMissingBean (types: org.springframework.boot.actuate.logging.LogFileWebEndpoint; SearchStrategy: all) did not find any beans (OnBeanCondition)


Negative matches:
-----------------

    None


Exclusions:
-----------

    None


Unconditional classes:
----------------------

    None



2025-12-13T19:43:02.382-06:00  INFO 14012 --- [todo-backend] [File Watcher] rtingClassPathChangeChangedEventListener : Restarting due to 1 class path change (0 additions, 0 deletions, 1 modification)
2025-12-13T19:43:02.384-06:00  INFO 14012 --- [todo-backend] [Thread-20] o.s.b.w.e.tomcat.GracefulShutdown        : Commencing graceful shutdown. Waiting for active requests to complete
2025-12-13T19:43:02.429-06:00  INFO 14012 --- [todo-backend] [tomcat-shutdown] o.s.b.w.e.tomcat.GracefulShutdown        : Graceful shutdown complete
2025-12-13T19:43:02.430-06:00  INFO 14012 --- [todo-backend] [Thread-20] j.LocalContainerEntityManagerFactoryBean : Closing JPA EntityManagerFactory for persistence unit 'default'
2025-12-13T19:43:02.432-06:00  WARN 14012 --- [todo-backend] [Thread-20] o.s.b.f.support.DisposableBeanAdapter    : Invocation of destroy method failed on bean with name 'inMemoryDatabaseShutdownExecutor': org.h2.jdbc.JdbcSQLNonTransientConnectionException: La base de datos ya esta cerrada (para des-habilitar el cerrado automatico durante el shutdown de la VM, agregue ";DB_CLOSE_ON_EXIT=FALSE" a la URL de conexión)
Database is already closed (to disable automatic closing at VM shutdown, add ";DB_CLOSE_ON_EXIT=FALSE" to the db URL) [90121-232]
2025-12-13T19:43:02.433-06:00  INFO 14012 --- [todo-backend] [Thread-20] com.zaxxer.hikari.HikariDataSource       : HikariPool-5 - Shutdown initiated...
2025-12-13T19:43:02.433-06:00  INFO 14012 --- [todo-backend] [Thread-20] com.zaxxer.hikari.HikariDataSource       : HikariPool-5 - Shutdown completed.
2025-12-13T19:43:02.517-06:00  INFO 14012 --- [todo-backend] [restartedMain] c.c.todo_backend.TodoBackendApplication  : Starting TodoBackendApplication using Java 17.0.2 with PID 14012 (D:\Documentos\repo\todo-backend\target\classes started by Poncho in D:\Documentos\repo\todo-backend)
2025-12-13T19:43:02.518-06:00  INFO 14012 --- [todo-backend] [restartedMain] c.c.todo_backend.TodoBackendApplication  : No active profile set, falling back to 1 default profile: "default"
2025-12-13T19:43:02.680-06:00  INFO 14012 --- [todo-backend] [restartedMain] .s.d.r.c.RepositoryConfigurationDelegate : Bootstrapping Spring Data JPA repositories in DEFAULT mode.
2025-12-13T19:43:02.687-06:00  INFO 14012 --- [todo-backend] [restartedMain] .s.d.r.c.RepositoryConfigurationDelegate : Finished Spring Data repository scanning in 6 ms. Found 1 JPA repository interface.
2025-12-13T19:43:02.745-06:00  INFO 14012 --- [todo-backend] [restartedMain] o.s.b.w.embedded.tomcat.TomcatWebServer  : Tomcat initialized with port 8080 (http)
2025-12-13T19:43:02.746-06:00  INFO 14012 --- [todo-backend] [restartedMain] o.apache.catalina.core.StandardService   : Starting service [Tomcat]
2025-12-13T19:43:02.746-06:00  INFO 14012 --- [todo-backend] [restartedMain] o.apache.catalina.core.StandardEngine    : Starting Servlet engine: [Apache Tomcat/10.1.49]
2025-12-13T19:43:02.758-06:00  INFO 14012 --- [todo-backend] [restartedMain] o.a.c.c.C.[Tomcat].[localhost].[/]       : Initializing Spring embedded WebApplicationContext
2025-12-13T19:43:02.759-06:00  INFO 14012 --- [todo-backend] [restartedMain] w.s.c.ServletWebServerApplicationContext : Root WebApplicationContext: initialization completed in 241 ms
2025-12-13T19:43:02.805-06:00  INFO 14012 --- [todo-backend] [restartedMain] o.hibernate.jpa.internal.util.LogHelper  : HHH000204: Processing PersistenceUnitInfo [name: default]
2025-12-13T19:43:02.806-06:00  INFO 14012 --- [todo-backend] [restartedMain] o.h.c.internal.RegionFactoryInitiator    : HHH000026: Second-level cache disabled
2025-12-13T19:43:02.810-06:00  INFO 14012 --- [todo-backend] [restartedMain] o.s.o.j.p.SpringPersistenceUnitInfo      : No LoadTimeWeaver setup: ignoring JPA class transformer
2025-12-13T19:43:02.811-06:00  INFO 14012 --- [todo-backend] [restartedMain] com.zaxxer.hikari.HikariDataSource       : HikariPool-6 - Starting...
2025-12-13T19:43:02.814-06:00  INFO 14012 --- [todo-backend] [restartedMain] com.zaxxer.hikari.pool.HikariPool        : HikariPool-6 - Added connection conn51: url=jdbc:h2:mem:testdb user=SA
2025-12-13T19:43:02.814-06:00  INFO 14012 --- [todo-backend] [restartedMain] com.zaxxer.hikari.HikariDataSource       : HikariPool-6 - Start completed.
2025-12-13T19:43:02.815-06:00  INFO 14012 --- [todo-backend] [restartedMain] org.hibernate.orm.connections.pooling    : HHH10001005: Database info:
	Database JDBC URL [Connecting through datasource 'HikariDataSource (HikariPool-6)']
	Database driver: undefined/unknown
	Database version: 2.3.232
	Autocommit mode: undefined/unknown
	Isolation level: undefined/unknown
	Minimum pool size: undefined/unknown
	Maximum pool size: undefined/unknown
2025-12-13T19:43:02.843-06:00  INFO 14012 --- [todo-backend] [restartedMain] o.h.e.t.j.p.i.JtaPlatformInitiator       : HHH000489: No JTA platform available (set 'hibernate.transaction.jta.platform' to enable JTA platform integration)
2025-12-13T19:43:02.844-06:00 DEBUG 14012 --- [todo-backend] [restartedMain] org.hibernate.SQL                        : 
    drop table if exists tasks cascade 
2025-12-13T19:43:02.844-06:00 DEBUG 14012 --- [todo-backend] [restartedMain] org.hibernate.SQL                        : 
    drop table if exists users cascade 
2025-12-13T19:43:02.845-06:00 DEBUG 14012 --- [todo-backend] [restartedMain] org.hibernate.SQL                        : 
    create table tasks (
        completed boolean not null,
        created_at timestamp(6) not null,
        id bigint generated by default as identity,
        description varchar(1000),
        title varchar(255) not null,
        primary key (id)
    )
2025-12-13T19:43:02.846-06:00 DEBUG 14012 --- [todo-backend] [restartedMain] org.hibernate.SQL                        : 
    create table users (
        created_at timestamp(6) not null,
        id bigint generated by default as identity,
        updated_at timestamp(6),
        email varchar(255) not null unique,
        password varchar(255) not null,
        username varchar(255) not null unique,
        primary key (id)
    )
2025-12-13T19:43:02.847-06:00  INFO 14012 --- [todo-backend] [restartedMain] j.LocalContainerEntityManagerFactoryBean : Initialized JPA EntityManagerFactory for persistence unit 'default'
2025-12-13T19:43:02.879-06:00  WARN 14012 --- [todo-backend] [restartedMain] JpaBaseConfiguration$JpaWebConfiguration : spring.jpa.open-in-view is enabled by default. Therefore, database queries may be performed during view rendering. Explicitly configure spring.jpa.open-in-view to disable this warning
2025-12-13T19:43:02.954-06:00  INFO 14012 --- [todo-backend] [restartedMain] o.s.b.a.h2.H2ConsoleAutoConfiguration    : H2 console available at '/h2-console'. Database available at 'jdbc:h2:mem:testdb'
2025-12-13T19:43:02.959-06:00  INFO 14012 --- [todo-backend] [restartedMain] o.s.b.d.a.OptionalLiveReloadServer       : LiveReload server is running on port 35729
2025-12-13T19:43:02.963-06:00  INFO 14012 --- [todo-backend] [restartedMain] o.s.b.a.e.web.EndpointLinksResolver      : Exposing 1 endpoint beneath base path '/actuator'
2025-12-13T19:43:02.979-06:00  INFO 14012 --- [todo-backend] [restartedMain] o.s.b.w.embedded.tomcat.TomcatWebServer  : Tomcat started on port 8080 (http) with context path '/'
2025-12-13T19:43:02.985-06:00  INFO 14012 --- [todo-backend] [restartedMain] c.c.todo_backend.TodoBackendApplication  : Started TodoBackendApplication in 0.49 seconds (process running for 3260.221)
2025-12-13T19:43:02.987-06:00  INFO 14012 --- [todo-backend] [restartedMain] .ConditionEvaluationDeltaLoggingListener : Condition evaluation unchanged
2025-12-13T19:43:12.650-06:00  INFO 14012 --- [todo-backend] [http-nio-8080-exec-1] o.a.c.c.C.[Tomcat].[localhost].[/]       : Initializing Spring DispatcherServlet 'dispatcherServlet'
2025-12-13T19:43:12.651-06:00  INFO 14012 --- [todo-backend] [http-nio-8080-exec-1] o.s.web.servlet.DispatcherServlet        : Initializing Servlet 'dispatcherServlet'
2025-12-13T19:43:12.653-06:00  INFO 14012 --- [todo-backend] [http-nio-8080-exec-1] o.s.web.servlet.DispatcherServlet        : Completed initialization in 2 ms
2025-12-13T19:43:12.654-06:00  INFO 14012 --- [todo-backend] [http-nio-8080-exec-1] c.c.t.controller.TaskController          : Se ejecutó el endpoint /api/tasks [GET]
2025-12-13T19:43:12.656-06:00 DEBUG 14012 --- [todo-backend] [http-nio-8080-exec-1] org.hibernate.SQL                        : 
    select
        t1_0.id,
        t1_0.completed,
        t1_0.created_at,
        t1_0.description,
        t1_0.title 
    from
        tasks t1_0
2025-12-13T19:43:41.229-06:00  INFO 14012 --- [todo-backend] [http-nio-8080-exec-2] c.c.t.controller.TaskController          : Se ejecutó el endpoint /api/tasks [GET]
2025-12-13T19:43:41.230-06:00 DEBUG 14012 --- [todo-backend] [http-nio-8080-exec-2] org.hibernate.SQL                        : 
    select
        t1_0.id,
        t1_0.completed,
        t1_0.created_at,
        t1_0.description,
        t1_0.title 
    from
        tasks t1_0
2025-12-13T19:43:42.824-06:00  INFO 14012 --- [todo-backend] [http-nio-8080-exec-3] c.c.t.controller.TaskController          : Se ejecutó el endpoint /api/tasks [GET]
2025-12-13T19:43:42.826-06:00 DEBUG 14012 --- [todo-backend] [http-nio-8080-exec-3] org.hibernate.SQL                        : 
    select
        t1_0.id,
        t1_0.completed,
        t1_0.created_at,
        t1_0.description,
        t1_0.title 
    from
        tasks t1_0
2025-12-13T19:44:16.094-06:00  INFO 14012 --- [todo-backend] [http-nio-8080-exec-4] c.c.t.controller.TaskController          : Se ejecutó el endpoint /api/tasks [GET]
2025-12-13T19:44:16.095-06:00 DEBUG 14012 --- [todo-backend] [http-nio-8080-exec-4] org.hibernate.SQL                        : 
    select
        t1_0.id,
        t1_0.completed,
        t1_0.created_at,
        t1_0.description,
        t1_0.title 
    from
        tasks t1_0
2025-12-13T19:44:43.682-06:00  INFO 20948 --- [todo-backend] [restartedMain] c.c.todo_backend.TodoBackendApplication  : Starting TodoBackendApplication using Java 17.0.2 with PID 20948 (D:\Documentos\repo\todo-backend\target\classes started by Poncho in D:\Documentos\repo\todo-backend)
2025-12-13T19:44:43.686-06:00  INFO 20948 --- [todo-backend] [restartedMain] c.c.todo_backend.TodoBackendApplication  : No active profile set, falling back to 1 default profile: "default"
2025-12-13T19:44:43.732-06:00  INFO 20948 --- [todo-backend] [restartedMain] .e.DevToolsPropertyDefaultsPostProcessor : Devtools property defaults active! Set 'spring.devtools.add-properties' to 'false' to disable
2025-12-13T19:44:43.732-06:00  INFO 20948 --- [todo-backend] [restartedMain] .e.DevToolsPropertyDefaultsPostProcessor : For additional web related logging consider setting the 'logging.level.web' property to 'DEBUG'
2025-12-13T19:44:44.612-06:00  INFO 20948 --- [todo-backend] [restartedMain] .s.d.r.c.RepositoryConfigurationDelegate : Bootstrapping Spring Data JPA repositories in DEFAULT mode.
2025-12-13T19:44:44.664-06:00  INFO 20948 --- [todo-backend] [restartedMain] .s.d.r.c.RepositoryConfigurationDelegate : Finished Spring Data repository scanning in 41 ms. Found 1 JPA repository interface.
2025-12-13T19:44:45.114-06:00  INFO 20948 --- [todo-backend] [restartedMain] o.s.b.w.embedded.tomcat.TomcatWebServer  : Tomcat initialized with port 8080 (http)
2025-12-13T19:44:45.125-06:00  INFO 20948 --- [todo-backend] [restartedMain] o.apache.catalina.core.StandardService   : Starting service [Tomcat]
2025-12-13T19:44:45.128-06:00  INFO 20948 --- [todo-backend] [restartedMain] o.apache.catalina.core.StandardEngine    : Starting Servlet engine: [Apache Tomcat/10.1.49]
2025-12-13T19:44:45.165-06:00  INFO 20948 --- [todo-backend] [restartedMain] o.a.c.c.C.[Tomcat].[localhost].[/]       : Initializing Spring embedded WebApplicationContext
2025-12-13T19:44:45.166-06:00  INFO 20948 --- [todo-backend] [restartedMain] w.s.c.ServletWebServerApplicationContext : Root WebApplicationContext: initialization completed in 1433 ms
2025-12-13T19:44:45.434-06:00  INFO 20948 --- [todo-backend] [restartedMain] o.hibernate.jpa.internal.util.LogHelper  : HHH000204: Processing PersistenceUnitInfo [name: default]
2025-12-13T19:44:45.483-06:00  INFO 20948 --- [todo-backend] [restartedMain] org.hibernate.Version                    : HHH000412: Hibernate ORM core version 6.6.36.Final
2025-12-13T19:44:45.525-06:00  INFO 20948 --- [todo-backend] [restartedMain] o.h.c.internal.RegionFactoryInitiator    : HHH000026: Second-level cache disabled
2025-12-13T19:44:45.788-06:00  INFO 20948 --- [todo-backend] [restartedMain] o.s.o.j.p.SpringPersistenceUnitInfo      : No LoadTimeWeaver setup: ignoring JPA class transformer
2025-12-13T19:44:45.811-06:00  INFO 20948 --- [todo-backend] [restartedMain] com.zaxxer.hikari.HikariDataSource       : HikariPool-1 - Starting...
2025-12-13T19:44:45.940-06:00  INFO 20948 --- [todo-backend] [restartedMain] com.zaxxer.hikari.pool.HikariPool        : HikariPool-1 - Added connection conn0: url=jdbc:h2:mem:testdb user=SA
2025-12-13T19:44:45.942-06:00  INFO 20948 --- [todo-backend] [restartedMain] com.zaxxer.hikari.HikariDataSource       : HikariPool-1 - Start completed.
2025-12-13T19:44:45.987-06:00  INFO 20948 --- [todo-backend] [restartedMain] org.hibernate.orm.connections.pooling    : HHH10001005: Database info:
	Database JDBC URL [Connecting through datasource 'HikariDataSource (HikariPool-1)']
	Database driver: undefined/unknown
	Database version: 2.3.232
	Autocommit mode: undefined/unknown
	Isolation level: undefined/unknown
	Minimum pool size: undefined/unknown
	Maximum pool size: undefined/unknown
2025-12-13T19:44:46.508-06:00  INFO 20948 --- [todo-backend] [restartedMain] o.h.e.t.j.p.i.JtaPlatformInitiator       : HHH000489: No JTA platform available (set 'hibernate.transaction.jta.platform' to enable JTA platform integration)
2025-12-13T19:44:46.520-06:00 DEBUG 20948 --- [todo-backend] [restartedMain] org.hibernate.SQL                        : 
    drop table if exists tasks cascade 
2025-12-13T19:44:46.522-06:00 DEBUG 20948 --- [todo-backend] [restartedMain] org.hibernate.SQL                        : 
    drop table if exists users cascade 
2025-12-13T19:44:46.525-06:00 DEBUG 20948 --- [todo-backend] [restartedMain] org.hibernate.SQL                        : 
    create table tasks (
        completed boolean not null,
        created_at timestamp(6) not null,
        id bigint generated by default as identity,
        description varchar(1000),
        title varchar(255) not null,
        primary key (id)
    )
2025-12-13T19:44:46.533-06:00 DEBUG 20948 --- [todo-backend] [restartedMain] org.hibernate.SQL                        : 
    create table users (
        created_at timestamp(6) not null,
        id bigint generated by default as identity,
        updated_at timestamp(6),
        email varchar(255) not null unique,
        password varchar(255) not null,
        username varchar(255) not null unique,
        primary key (id)
    )
2025-12-13T19:44:46.539-06:00  INFO 20948 --- [todo-backend] [restartedMain] j.LocalContainerEntityManagerFactoryBean : Initialized JPA EntityManagerFactory for persistence unit 'default'
2025-12-13T19:44:46.823-06:00  WARN 20948 --- [todo-backend] [restartedMain] JpaBaseConfiguration$JpaWebConfiguration : spring.jpa.open-in-view is enabled by default. Therefore, database queries may be performed during view rendering. Explicitly configure spring.jpa.open-in-view to disable this warning
2025-12-13T19:44:47.288-06:00  INFO 20948 --- [todo-backend] [restartedMain] o.s.b.a.h2.H2ConsoleAutoConfiguration    : H2 console available at '/h2-console'. Database available at 'jdbc:h2:mem:testdb'
2025-12-13T19:44:47.313-06:00  INFO 20948 --- [todo-backend] [restartedMain] o.s.b.d.a.OptionalLiveReloadServer       : LiveReload server is running on port 35729
2025-12-13T19:44:47.321-06:00  INFO 20948 --- [todo-backend] [restartedMain] o.s.b.a.e.web.EndpointLinksResolver      : Exposing 1 endpoint beneath base path '/actuator'
2025-12-13T19:44:47.396-06:00  INFO 20948 --- [todo-backend] [restartedMain] o.s.b.w.embedded.tomcat.TomcatWebServer  : Tomcat started on port 8080 (http) with context path '/'
2025-12-13T19:44:47.409-06:00  INFO 20948 --- [todo-backend] [restartedMain] c.c.todo_backend.TodoBackendApplication  : Started TodoBackendApplication in 4.116 seconds (process running for 4.536)
2025-12-13T19:44:49.516-06:00  INFO 20948 --- [todo-backend] [RMI TCP Connection(2)-127.0.0.1] o.a.c.c.C.[Tomcat].[localhost].[/]       : Initializing Spring DispatcherServlet 'dispatcherServlet'
2025-12-13T19:44:49.517-06:00  INFO 20948 --- [todo-backend] [RMI TCP Connection(2)-127.0.0.1] o.s.web.servlet.DispatcherServlet        : Initializing Servlet 'dispatcherServlet'
2025-12-13T19:44:49.517-06:00  INFO 20948 --- [todo-backend] [RMI TCP Connection(2)-127.0.0.1] o.s.web.servlet.DispatcherServlet        : Completed initialization in 0 ms
2025-12-13T19:44:52.224-06:00  INFO 20948 --- [todo-backend] [http-nio-8080-exec-2] c.c.t.controller.TaskController          : Se ejecutó el endpoint /api/tasks [GET]
2025-12-13T19:44:52.302-06:00 DEBUG 20948 --- [todo-backend] [http-nio-8080-exec-2] org.hibernate.SQL                        : 
    select
        t1_0.id,
        t1_0.completed,
        t1_0.created_at,
        t1_0.description,
        t1_0.title 
    from
        tasks t1_0
2025-12-13T19:44:54.781-06:00  INFO 20948 --- [todo-backend] [http-nio-8080-exec-1] c.c.t.controller.TaskController          : Se ejecutó el endpoint /api/tasks/1 [GET]
2025-12-13T19:44:54.789-06:00 DEBUG 20948 --- [todo-backend] [http-nio-8080-exec-1] org.hibernate.SQL                        : 
    select
        t1_0.id,
        t1_0.completed,
        t1_0.created_at,
        t1_0.description,
        t1_0.title 
    from
        tasks t1_0 
    where
        t1_0.id=?
2025-12-13T19:45:01.435-06:00  INFO 20948 --- [todo-backend] [http-nio-8080-exec-3] c.c.t.controller.TaskController          : Se ejecutó el endpoint /api/tasks [POST]
2025-12-13T19:45:01.450-06:00 DEBUG 20948 --- [todo-backend] [http-nio-8080-exec-3] org.hibernate.SQL                        : 
    insert 
    into
        tasks
        (completed, created_at, description, title, id) 
    values
        (?, ?, ?, ?, default)
2025-12-13T19:45:47.906-06:00  INFO 20948 --- [todo-backend] [File Watcher] rtingClassPathChangeChangedEventListener : Restarting due to 1 class path change (0 additions, 0 deletions, 1 modification)
2025-12-13T19:45:47.914-06:00  INFO 20948 --- [todo-backend] [Thread-5] o.s.b.w.e.tomcat.GracefulShutdown        : Commencing graceful shutdown. Waiting for active requests to complete
2025-12-13T19:45:47.967-06:00  INFO 20948 --- [todo-backend] [tomcat-shutdown] o.s.b.w.e.tomcat.GracefulShutdown        : Graceful shutdown complete
2025-12-13T19:45:47.973-06:00  INFO 20948 --- [todo-backend] [Thread-5] j.LocalContainerEntityManagerFactoryBean : Closing JPA EntityManagerFactory for persistence unit 'default'
2025-12-13T19:45:47.974-06:00 DEBUG 20948 --- [todo-backend] [Thread-5] org.hibernate.SQL                        : 
    drop table if exists tasks cascade 
2025-12-13T19:45:47.976-06:00 DEBUG 20948 --- [todo-backend] [Thread-5] org.hibernate.SQL                        : 
    drop table if exists users cascade 
2025-12-13T19:45:47.982-06:00  WARN 20948 --- [todo-backend] [Thread-5] o.s.b.f.support.DisposableBeanAdapter    : Invocation of destroy method failed on bean with name 'inMemoryDatabaseShutdownExecutor': org.h2.jdbc.JdbcSQLNonTransientConnectionException: La base de datos ya esta cerrada (para des-habilitar el cerrado automatico durante el shutdown de la VM, agregue ";DB_CLOSE_ON_EXIT=FALSE" a la URL de conexión)
Database is already closed (to disable automatic closing at VM shutdown, add ";DB_CLOSE_ON_EXIT=FALSE" to the db URL) [90121-232]
2025-12-13T19:45:47.983-06:00  INFO 20948 --- [todo-backend] [Thread-5] com.zaxxer.hikari.HikariDataSource       : HikariPool-1 - Shutdown initiated...
2025-12-13T19:45:47.985-06:00  INFO 20948 --- [todo-backend] [Thread-5] com.zaxxer.hikari.HikariDataSource       : HikariPool-1 - Shutdown completed.
2025-12-13T19:45:48.064-06:00  INFO 20948 --- [todo-backend] [restartedMain] c.c.todo_backend.TodoBackendApplication  : Starting TodoBackendApplication using Java 17.0.2 with PID 20948 (D:\Documentos\repo\todo-backend\target\classes started by Poncho in D:\Documentos\repo\todo-backend)
2025-12-13T19:45:48.064-06:00  INFO 20948 --- [todo-backend] [restartedMain] c.c.todo_backend.TodoBackendApplication  : No active profile set, falling back to 1 default profile: "default"
2025-12-13T19:45:48.314-06:00  INFO 20948 --- [todo-backend] [restartedMain] .s.d.r.c.RepositoryConfigurationDelegate : Bootstrapping Spring Data JPA repositories in DEFAULT mode.
2025-12-13T19:45:48.323-06:00  INFO 20948 --- [todo-backend] [restartedMain] .s.d.r.c.RepositoryConfigurationDelegate : Finished Spring Data repository scanning in 8 ms. Found 1 JPA repository interface.
2025-12-13T19:45:48.461-06:00  INFO 20948 --- [todo-backend] [restartedMain] o.s.b.w.embedded.tomcat.TomcatWebServer  : Tomcat initialized with port 8080 (http)
2025-12-13T19:45:48.462-06:00  INFO 20948 --- [todo-backend] [restartedMain] o.apache.catalina.core.StandardService   : Starting service [Tomcat]
2025-12-13T19:45:48.462-06:00  INFO 20948 --- [todo-backend] [restartedMain] o.apache.catalina.core.StandardEngine    : Starting Servlet engine: [Apache Tomcat/10.1.49]
2025-12-13T19:45:48.477-06:00  INFO 20948 --- [todo-backend] [restartedMain] o.a.c.c.C.[Tomcat].[localhost].[/]       : Initializing Spring embedded WebApplicationContext
2025-12-13T19:45:48.477-06:00  INFO 20948 --- [todo-backend] [restartedMain] w.s.c.ServletWebServerApplicationContext : Root WebApplicationContext: initialization completed in 411 ms
2025-12-13T19:45:48.520-06:00  INFO 20948 --- [todo-backend] [restartedMain] o.hibernate.jpa.internal.util.LogHelper  : HHH000204: Processing PersistenceUnitInfo [name: default]
2025-12-13T19:45:48.523-06:00  INFO 20948 --- [todo-backend] [restartedMain] o.h.c.internal.RegionFactoryInitiator    : HHH000026: Second-level cache disabled
2025-12-13T19:45:48.532-06:00  INFO 20948 --- [todo-backend] [restartedMain] o.s.o.j.p.SpringPersistenceUnitInfo      : No LoadTimeWeaver setup: ignoring JPA class transformer
2025-12-13T19:45:48.533-06:00  INFO 20948 --- [todo-backend] [restartedMain] com.zaxxer.hikari.HikariDataSource       : HikariPool-2 - Starting...
2025-12-13T19:45:48.535-06:00  INFO 20948 --- [todo-backend] [restartedMain] com.zaxxer.hikari.pool.HikariPool        : HikariPool-2 - Added connection conn10: url=jdbc:h2:mem:testdb user=SA
2025-12-13T19:45:48.536-06:00  INFO 20948 --- [todo-backend] [restartedMain] com.zaxxer.hikari.HikariDataSource       : HikariPool-2 - Start completed.
2025-12-13T19:45:48.538-06:00  INFO 20948 --- [todo-backend] [restartedMain] org.hibernate.orm.connections.pooling    : HHH10001005: Database info:
	Database JDBC URL [Connecting through datasource 'HikariDataSource (HikariPool-2)']
	Database driver: undefined/unknown
	Database version: 2.3.232
	Autocommit mode: undefined/unknown
	Isolation level: undefined/unknown
	Minimum pool size: undefined/unknown
	Maximum pool size: undefined/unknown
2025-12-13T19:45:48.589-06:00  INFO 20948 --- [todo-backend] [restartedMain] o.h.e.t.j.p.i.JtaPlatformInitiator       : HHH000489: No JTA platform available (set 'hibernate.transaction.jta.platform' to enable JTA platform integration)
2025-12-13T19:45:48.590-06:00 DEBUG 20948 --- [todo-backend] [restartedMain] org.hibernate.SQL                        : 
    drop table if exists tasks cascade 
2025-12-13T19:45:48.590-06:00 DEBUG 20948 --- [todo-backend] [restartedMain] org.hibernate.SQL                        : 
    drop table if exists users cascade 
2025-12-13T19:45:48.591-06:00 DEBUG 20948 --- [todo-backend] [restartedMain] org.hibernate.SQL                        : 
    create table tasks (
        completed boolean not null,
        created_at timestamp(6) not null,
        id bigint generated by default as identity,
        description varchar(1000),
        title varchar(255) not null,
        primary key (id)
    )
2025-12-13T19:45:48.592-06:00 DEBUG 20948 --- [todo-backend] [restartedMain] org.hibernate.SQL                        : 
    create table users (
        created_at timestamp(6) not null,
        id bigint generated by default as identity,
        updated_at timestamp(6),
        email varchar(255) not null unique,
        password varchar(255) not null,
        username varchar(255) not null unique,
        primary key (id)
    )
2025-12-13T19:45:48.594-06:00  INFO 20948 --- [todo-backend] [restartedMain] j.LocalContainerEntityManagerFactoryBean : Initialized JPA EntityManagerFactory for persistence unit 'default'
2025-12-13T19:45:48.641-06:00  WARN 20948 --- [todo-backend] [restartedMain] JpaBaseConfiguration$JpaWebConfiguration : spring.jpa.open-in-view is enabled by default. Therefore, database queries may be performed during view rendering. Explicitly configure spring.jpa.open-in-view to disable this warning
2025-12-13T19:45:48.793-06:00  INFO 20948 --- [todo-backend] [restartedMain] o.s.b.d.a.OptionalLiveReloadServer       : LiveReload server is running on port 35729
2025-12-13T19:45:48.796-06:00  INFO 20948 --- [todo-backend] [restartedMain] o.s.b.a.e.web.EndpointLinksResolver      : Exposing 1 endpoint beneath base path '/actuator'
2025-12-13T19:45:48.809-06:00  INFO 20948 --- [todo-backend] [restartedMain] o.s.b.w.embedded.tomcat.TomcatWebServer  : Tomcat started on port 8080 (http) with context path '/'
2025-12-13T19:45:48.813-06:00  INFO 20948 --- [todo-backend] [restartedMain] c.c.todo_backend.TodoBackendApplication  : Started TodoBackendApplication in 0.778 seconds (process running for 65.941)
2025-12-13T19:45:48.817-06:00  INFO 20948 --- [todo-backend] [restartedMain] .ConditionEvaluationDeltaLoggingListener : Condition evaluation delta:


==========================
CONDITION EVALUATION DELTA
==========================


Positive matches:
-----------------

    None


Negative matches:
-----------------

   H2ConsoleAutoConfiguration:
      Did not match:
         - @ConditionalOnBooleanProperty (spring.h2.console.enabled=true) found different value in property 'spring.h2.console.enabled' (OnPropertyCondition)
      Matched:
         - @ConditionalOnClass found required class 'org.h2.server.web.JakartaWebServlet' (OnClassCondition)
         - found 'session' scope (OnWebApplicationCondition)


Exclusions:
-----------

    None


Unconditional classes:
----------------------

    None



2025-12-13T19:46:05.291-06:00  INFO 20948 --- [todo-backend] [http-nio-8080-exec-1] o.a.c.c.C.[Tomcat].[localhost].[/]       : Initializing Spring DispatcherServlet 'dispatcherServlet'
2025-12-13T19:46:05.291-06:00  INFO 20948 --- [todo-backend] [http-nio-8080-exec-1] o.s.web.servlet.DispatcherServlet        : Initializing Servlet 'dispatcherServlet'
2025-12-13T19:46:05.292-06:00  INFO 20948 --- [todo-backend] [http-nio-8080-exec-1] o.s.web.servlet.DispatcherServlet        : Completed initialization in 1 ms
2025-12-13T19:46:05.295-06:00  INFO 20948 --- [todo-backend] [http-nio-8080-exec-1] c.c.t.controller.TaskController          : Se ejecutó el endpoint /api/tasks [GET]
2025-12-13T19:46:05.297-06:00 DEBUG 20948 --- [todo-backend] [http-nio-8080-exec-1] org.hibernate.SQL                        : 
    select
        t1_0.id,
        t1_0.completed,
        t1_0.created_at,
        t1_0.description,
        t1_0.title 
    from
        tasks t1_0
2025-12-13T19:50:36.454-06:00  INFO 20948 --- [todo-backend] [http-nio-8080-exec-2] c.c.t.controller.TaskController          : Se ejecutó el endpoint /api/tasks [GET]
2025-12-13T19:50:36.456-06:00 DEBUG 20948 --- [todo-backend] [http-nio-8080-exec-2] org.hibernate.SQL                        : 
    select
        t1_0.id,
        t1_0.completed,
        t1_0.created_at,
        t1_0.description,
        t1_0.title 
    from
        tasks t1_0
2025-12-13T19:50:48.149-06:00  INFO 20948 --- [todo-backend] [http-nio-8080-exec-3] c.c.t.controller.TaskController          : Se ejecutó el endpoint /api/tasks [GET]
2025-12-13T19:50:48.151-06:00 DEBUG 20948 --- [todo-backend] [http-nio-8080-exec-3] org.hibernate.SQL                        : 
    select
        t1_0.id,
        t1_0.completed,
        t1_0.created_at,
        t1_0.description,
        t1_0.title 
    from
        tasks t1_0
2025-12-13T19:50:58.998-06:00  INFO 20948 --- [todo-backend] [http-nio-8080-exec-4] c.c.t.controller.TaskController          : Se ejecutó el endpoint /api/tasks/1 [PUT]
2025-12-13T19:50:59.000-06:00 DEBUG 20948 --- [todo-backend] [http-nio-8080-exec-4] org.hibernate.SQL                        : 
    select
        t1_0.id,
        t1_0.completed,
        t1_0.created_at,
        t1_0.description,
        t1_0.title 
    from
        tasks t1_0 
    where
        t1_0.id=?
2025-12-13T19:51:06.970-06:00  INFO 20948 --- [todo-backend] [http-nio-8080-exec-5] c.c.t.controller.TaskController          : Se ejecutó el endpoint /api/tasks [POST]
2025-12-13T19:51:06.973-06:00 DEBUG 20948 --- [todo-backend] [http-nio-8080-exec-5] org.hibernate.SQL                        : 
    insert 
    into
        tasks
        (completed, created_at, description, title, id) 
    values
        (?, ?, ?, ?, default)
2025-12-13T19:52:13.086-06:00  INFO 20948 --- [todo-backend] [File Watcher] rtingClassPathChangeChangedEventListener : Restarting due to 1 class path change (0 additions, 0 deletions, 1 modification)
2025-12-13T19:52:13.088-06:00  INFO 20948 --- [todo-backend] [Thread-7] o.s.b.w.e.tomcat.GracefulShutdown        : Commencing graceful shutdown. Waiting for active requests to complete
2025-12-13T19:52:13.136-06:00  INFO 20948 --- [todo-backend] [tomcat-shutdown] o.s.b.w.e.tomcat.GracefulShutdown        : Graceful shutdown complete
2025-12-13T19:52:13.139-06:00  INFO 20948 --- [todo-backend] [Thread-7] j.LocalContainerEntityManagerFactoryBean : Closing JPA EntityManagerFactory for persistence unit 'default'
2025-12-13T19:52:13.139-06:00 DEBUG 20948 --- [todo-backend] [Thread-7] org.hibernate.SQL                        : 
    drop table if exists tasks cascade 
2025-12-13T19:52:13.140-06:00 DEBUG 20948 --- [todo-backend] [Thread-7] org.hibernate.SQL                        : 
    drop table if exists users cascade 
2025-12-13T19:52:13.141-06:00  WARN 20948 --- [todo-backend] [Thread-7] o.s.b.f.support.DisposableBeanAdapter    : Invocation of destroy method failed on bean with name 'inMemoryDatabaseShutdownExecutor': org.h2.jdbc.JdbcSQLNonTransientConnectionException: La base de datos ya esta cerrada (para des-habilitar el cerrado automatico durante el shutdown de la VM, agregue ";DB_CLOSE_ON_EXIT=FALSE" a la URL de conexión)
Database is already closed (to disable automatic closing at VM shutdown, add ";DB_CLOSE_ON_EXIT=FALSE" to the db URL) [90121-232]
2025-12-13T19:52:13.141-06:00  INFO 20948 --- [todo-backend] [Thread-7] com.zaxxer.hikari.HikariDataSource       : HikariPool-2 - Shutdown initiated...
2025-12-13T19:52:13.142-06:00  INFO 20948 --- [todo-backend] [Thread-7] com.zaxxer.hikari.HikariDataSource       : HikariPool-2 - Shutdown completed.
2025-12-13T19:52:13.226-06:00  INFO 20948 --- [todo-backend] [restartedMain] c.c.todo_backend.TodoBackendApplication  : Starting TodoBackendApplication using Java 17.0.2 with PID 20948 (D:\Documentos\repo\todo-backend\target\classes started by Poncho in D:\Documentos\repo\todo-backend)
2025-12-13T19:52:13.227-06:00  INFO 20948 --- [todo-backend] [restartedMain] c.c.todo_backend.TodoBackendApplication  : No active profile set, falling back to 1 default profile: "default"
2025-12-13T19:52:13.440-06:00  INFO 20948 --- [todo-backend] [restartedMain] .s.d.r.c.RepositoryConfigurationDelegate : Bootstrapping Spring Data JPA repositories in DEFAULT mode.
2025-12-13T19:52:13.448-06:00  INFO 20948 --- [todo-backend] [restartedMain] .s.d.r.c.RepositoryConfigurationDelegate : Finished Spring Data repository scanning in 7 ms. Found 1 JPA repository interface.
2025-12-13T19:52:13.498-06:00  INFO 20948 --- [todo-backend] [restartedMain] o.s.b.w.embedded.tomcat.TomcatWebServer  : Tomcat initialized with port 8080 (http)
2025-12-13T19:52:13.499-06:00  INFO 20948 --- [todo-backend] [restartedMain] o.apache.catalina.core.StandardService   : Starting service [Tomcat]
2025-12-13T19:52:13.500-06:00  INFO 20948 --- [todo-backend] [restartedMain] o.apache.catalina.core.StandardEngine    : Starting Servlet engine: [Apache Tomcat/10.1.49]
2025-12-13T19:52:13.513-06:00  INFO 20948 --- [todo-backend] [restartedMain] o.a.c.c.C.[Tomcat].[localhost].[/]       : Initializing Spring embedded WebApplicationContext
2025-12-13T19:52:13.513-06:00  INFO 20948 --- [todo-backend] [restartedMain] w.s.c.ServletWebServerApplicationContext : Root WebApplicationContext: initialization completed in 284 ms
2025-12-13T19:52:13.553-06:00  INFO 20948 --- [todo-backend] [restartedMain] o.hibernate.jpa.internal.util.LogHelper  : HHH000204: Processing PersistenceUnitInfo [name: default]
2025-12-13T19:52:13.554-06:00  INFO 20948 --- [todo-backend] [restartedMain] o.h.c.internal.RegionFactoryInitiator    : HHH000026: Second-level cache disabled
2025-12-13T19:52:13.561-06:00  INFO 20948 --- [todo-backend] [restartedMain] o.s.o.j.p.SpringPersistenceUnitInfo      : No LoadTimeWeaver setup: ignoring JPA class transformer
2025-12-13T19:52:13.563-06:00  INFO 20948 --- [todo-backend] [restartedMain] com.zaxxer.hikari.HikariDataSource       : HikariPool-3 - Starting...
2025-12-13T19:52:13.566-06:00  INFO 20948 --- [todo-backend] [restartedMain] com.zaxxer.hikari.pool.HikariPool        : HikariPool-3 - Added connection conn20: url=jdbc:h2:mem:testdb user=SA
2025-12-13T19:52:13.567-06:00  INFO 20948 --- [todo-backend] [restartedMain] com.zaxxer.hikari.HikariDataSource       : HikariPool-3 - Start completed.
2025-12-13T19:52:13.568-06:00  INFO 20948 --- [todo-backend] [restartedMain] org.hibernate.orm.connections.pooling    : HHH10001005: Database info:
	Database JDBC URL [Connecting through datasource 'HikariDataSource (HikariPool-3)']
	Database driver: undefined/unknown
	Database version: 2.3.232
	Autocommit mode: undefined/unknown
	Isolation level: undefined/unknown
	Minimum pool size: undefined/unknown
	Maximum pool size: undefined/unknown
2025-12-13T19:52:13.616-06:00  INFO 20948 --- [todo-backend] [restartedMain] o.h.e.t.j.p.i.JtaPlatformInitiator       : HHH000489: No JTA platform available (set 'hibernate.transaction.jta.platform' to enable JTA platform integration)
2025-12-13T19:52:13.619-06:00  INFO 20948 --- [todo-backend] [restartedMain] j.LocalContainerEntityManagerFactoryBean : Initialized JPA EntityManagerFactory for persistence unit 'default'
2025-12-13T19:52:13.658-06:00  WARN 20948 --- [todo-backend] [restartedMain] JpaBaseConfiguration$JpaWebConfiguration : spring.jpa.open-in-view is enabled by default. Therefore, database queries may be performed during view rendering. Explicitly configure spring.jpa.open-in-view to disable this warning
2025-12-13T19:52:13.750-06:00  INFO 20948 --- [todo-backend] [restartedMain] o.s.b.d.a.OptionalLiveReloadServer       : LiveReload server is running on port 35729
2025-12-13T19:52:13.753-06:00  INFO 20948 --- [todo-backend] [restartedMain] o.s.b.a.e.web.EndpointLinksResolver      : Exposing 1 endpoint beneath base path '/actuator'
2025-12-13T19:52:13.765-06:00  INFO 20948 --- [todo-backend] [restartedMain] o.s.b.w.embedded.tomcat.TomcatWebServer  : Tomcat started on port 8080 (http) with context path '/'
2025-12-13T19:52:13.769-06:00  INFO 20948 --- [todo-backend] [restartedMain] c.c.todo_backend.TodoBackendApplication  : Started TodoBackendApplication in 0.567 seconds (process running for 450.897)
2025-12-13T19:52:13.772-06:00  INFO 20948 --- [todo-backend] [restartedMain] .ConditionEvaluationDeltaLoggingListener : Condition evaluation unchanged
2025-12-13T19:52:23.123-06:00  INFO 20948 --- [todo-backend] [http-nio-8080-exec-2] o.a.c.c.C.[Tomcat].[localhost].[/]       : Initializing Spring DispatcherServlet 'dispatcherServlet'
2025-12-13T19:52:23.123-06:00  INFO 20948 --- [todo-backend] [http-nio-8080-exec-2] o.s.web.servlet.DispatcherServlet        : Initializing Servlet 'dispatcherServlet'
2025-12-13T19:52:23.124-06:00  INFO 20948 --- [todo-backend] [http-nio-8080-exec-2] o.s.web.servlet.DispatcherServlet        : Completed initialization in 1 ms
2025-12-13T19:52:23.125-06:00  INFO 20948 --- [todo-backend] [http-nio-8080-exec-2] c.c.t.controller.TaskController          : Se ejecutó el endpoint /api/tasks [GET]
2025-12-13T19:52:29.075-06:00  INFO 20948 --- [todo-backend] [http-nio-8080-exec-1] c.c.t.controller.TaskController          : Se ejecutó el endpoint /api/tasks/1 [GET]
2025-12-13T19:52:37.570-06:00  INFO 20948 --- [todo-backend] [http-nio-8080-exec-3] c.c.t.controller.TaskController          : Se ejecutó el endpoint /api/tasks [POST]
2025-12-13T19:52:41.187-06:00  INFO 20948 --- [todo-backend] [http-nio-8080-exec-4] c.c.t.controller.TaskController          : Se ejecutó el endpoint /api/tasks/1 [PUT]
2025-12-13T19:52:45.091-06:00  INFO 20948 --- [todo-backend] [http-nio-8080-exec-6] c.c.t.controller.TaskController          : Se ejecutó el endpoint /api/tasks/1 [DELETE]
2025-12-13T19:52:47.617-06:00  INFO 20948 --- [todo-backend] [http-nio-8080-exec-5] c.c.t.controller.TaskController          : Se ejecutó el endpoint /api/tasks [GET]
